This is pdfTeX, Version 3.14159265-2.6-1.40.17 (MiKTeX 2.9) (preloaded format=pdflatex 2016.7.22)  12 JUN 2017 14:48
entering extended mode
**./master_dissertation.tex
(master_dissertation.tex
LaTeX2e <2016/03/31> patch level 1
Babel <3.9r> and hyphenation patterns for 75 language(s) loaded.
("C:\Program Files (x86)\MiKTeX 2.9\tex\latex\base\report.cls"
Document Class: report 2014/09/29 v1.4h Standard LaTeX document class
("C:\Program Files (x86)\MiKTeX 2.9\tex\latex\base\size11.clo"
File: size11.clo 2014/09/29 v1.4h Standard LaTeX file (size option)
)
\c@part=\count79
\c@chapter=\count80
\c@section=\count81
\c@subsection=\count82
\c@subsubsection=\count83
\c@paragraph=\count84
\c@subparagraph=\count85
\c@figure=\count86
\c@table=\count87
\abovecaptionskip=\skip41
\belowcaptionskip=\skip42
\bibindent=\dimen102
)
("C:\Program Files (x86)\MiKTeX 2.9\tex\latex\natbib\natbib.sty"
Package: natbib 2010/09/13 8.31b (PWD, AO)
\bibhang=\skip43
\bibsep=\skip44
LaTeX Info: Redefining \cite on input line 694.
\c@NAT@ctr=\count88
)
("C:\Program Files (x86)\MiKTeX 2.9\tex\latex\mathtools\mathtools.sty"
Package: mathtools 2015/11/12 v1.18 mathematical typesetting tools

("C:\Program Files (x86)\MiKTeX 2.9\tex\latex\graphics\keyval.sty"
Package: keyval 2014/10/28 v1.15 key=value parser (DPC)
\KV@toks@=\toks14
)
("C:\Program Files (x86)\MiKTeX 2.9\tex\latex\tools\calc.sty"
Package: calc 2014/10/28 v4.3 Infix arithmetic (KKT,FJ)
\calc@Acount=\count89
\calc@Bcount=\count90
\calc@Adimen=\dimen103
\calc@Bdimen=\dimen104
\calc@Askip=\skip45
\calc@Bskip=\skip46
LaTeX Info: Redefining \setlength on input line 80.
LaTeX Info: Redefining \addtolength on input line 81.
\calc@Ccount=\count91
\calc@Cskip=\skip47
)
("C:\Program Files (x86)\MiKTeX 2.9\tex\latex\mathtools\mhsetup.sty"
Package: mhsetup 2010/01/21 v1.2a programming setup (MH)
)
("C:\Program Files (x86)\MiKTeX 2.9\tex\latex\amsmath\amsmath.sty"
Package: amsmath 2016/06/28 v2.15d AMS math features
\@mathmargin=\skip48

For additional information on amsmath, use the `?' option.
("C:\Program Files (x86)\MiKTeX 2.9\tex\latex\amsmath\amstext.sty"
Package: amstext 2000/06/29 v2.01 AMS text

("C:\Program Files (x86)\MiKTeX 2.9\tex\latex\amsmath\amsgen.sty"
File: amsgen.sty 1999/11/30 v2.0 generic functions
\@emptytoks=\toks15
\ex@=\dimen105
))
("C:\Program Files (x86)\MiKTeX 2.9\tex\latex\amsmath\amsbsy.sty"
Package: amsbsy 1999/11/29 v1.2d Bold Symbols
\pmbraise@=\dimen106
)
("C:\Program Files (x86)\MiKTeX 2.9\tex\latex\amsmath\amsopn.sty"
Package: amsopn 2016/03/08 v2.02 operator names
)
\inf@bad=\count92
LaTeX Info: Redefining \frac on input line 199.
\uproot@=\count93
\leftroot@=\count94
LaTeX Info: Redefining \overline on input line 297.
\classnum@=\count95
\DOTSCASE@=\count96
LaTeX Info: Redefining \ldots on input line 394.
LaTeX Info: Redefining \dots on input line 397.
LaTeX Info: Redefining \cdots on input line 518.
\Mathstrutbox@=\box26
\strutbox@=\box27
\big@size=\dimen107
LaTeX Font Info:    Redeclaring font encoding OML on input line 634.
LaTeX Font Info:    Redeclaring font encoding OMS on input line 635.
\macc@depth=\count97
\c@MaxMatrixCols=\count98
\dotsspace@=\muskip10
\c@parentequation=\count99
\dspbrk@lvl=\count100
\tag@help=\toks16
\row@=\count101
\column@=\count102
\maxfields@=\count103
\andhelp@=\toks17
\eqnshift@=\dimen108
\alignsep@=\dimen109
\tagshift@=\dimen110
\tagwidth@=\dimen111
\totwidth@=\dimen112
\lineht@=\dimen113
\@envbody=\toks18
\multlinegap=\skip49
\multlinetaggap=\skip50
\mathdisplay@stack=\toks19
LaTeX Info: Redefining \[ on input line 2739.
LaTeX Info: Redefining \] on input line 2740.
)
LaTeX Info: Thecontrolsequence`\('isalreadyrobust on input line 129.
LaTeX Info: Thecontrolsequence`\)'isalreadyrobust on input line 129.
LaTeX Info: Thecontrolsequence`\['isalreadyrobust on input line 129.
LaTeX Info: Thecontrolsequence`\]'isalreadyrobust on input line 129.
\g_MT_multlinerow_int=\count104
\l_MT_multwidth_dim=\dimen114
\origjot=\skip51
\l_MT_shortvdotswithinadjustabove_dim=\dimen115
\l_MT_shortvdotswithinadjustbelow_dim=\dimen116
\l_MT_above_intertext_sep=\dimen117
\l_MT_below_intertext_sep=\dimen118
\l_MT_above_shortintertext_sep=\dimen119
\l_MT_below_shortintertext_sep=\dimen120
)
("C:\Program Files (x86)\MiKTeX 2.9\tex\latex\geometry\geometry.sty"
Package: geometry 2010/09/12 v5.6 Page Geometry

("C:\Program Files (x86)\MiKTeX 2.9\tex\generic\oberdiek\ifpdf.sty"
Package: ifpdf 2016/05/14 v3.1 Provides the ifpdf switch
)
("C:\Program Files (x86)\MiKTeX 2.9\tex\generic\oberdiek\ifvtex.sty"
Package: ifvtex 2016/05/16 v1.6 Detect VTeX and its facilities (HO)
Package ifvtex Info: VTeX not detected.
)
("C:\Program Files (x86)\MiKTeX 2.9\tex\generic\ifxetex\ifxetex.sty"
Package: ifxetex 2010/09/12 v0.6 Provides ifxetex conditional
)
\Gm@cnth=\count105
\Gm@cntv=\count106
\c@Gm@tempcnt=\count107
\Gm@bindingoffset=\dimen121
\Gm@wd@mp=\dimen122
\Gm@odd@mp=\dimen123
\Gm@even@mp=\dimen124
\Gm@layoutwidth=\dimen125
\Gm@layoutheight=\dimen126
\Gm@layouthoffset=\dimen127
\Gm@layoutvoffset=\dimen128
\Gm@dimlist=\toks20

("C:\Program Files (x86)\MiKTeX 2.9\tex\latex\geometry\geometry.cfg"))
("C:\Program Files (x86)\MiKTeX 2.9\tex\latex\listings\listings.sty"
\lst@mode=\count108
\lst@gtempboxa=\box28
\lst@token=\toks21
\lst@length=\count109
\lst@currlwidth=\dimen129
\lst@column=\count110
\lst@pos=\count111
\lst@lostspace=\dimen130
\lst@width=\dimen131
\lst@newlines=\count112
\lst@lineno=\count113
\lst@maxwidth=\dimen132

("C:\Program Files (x86)\MiKTeX 2.9\tex\latex\listings\lstmisc.sty"
File: lstmisc.sty 2015/06/04 1.6 (Carsten Heinz)
\c@lstnumber=\count114
\lst@skipnumbers=\count115
\lst@framebox=\box29
)
("C:\Program Files (x86)\MiKTeX 2.9\tex\latex\listings\listings.cfg"
File: listings.cfg 2015/06/04 1.6 listings configuration
))
Package: listings 2015/06/04 1.6 (Carsten Heinz)

("C:\Program Files (x86)\MiKTeX 2.9\tex\latex\graphics\color.sty"
Package: color 2016/07/10 v1.1e Standard LaTeX Color (DPC)

("C:\Program Files (x86)\MiKTeX 2.9\tex\latex\00miktex\color.cfg"
File: color.cfg 2016/01/02 v1.6 sample color configuration
)
Package color Info: Driver file: pdftex.def on input line 147.

("C:\Program Files (x86)\MiKTeX 2.9\tex\latex\graphics-def\pdftex.def"
File: pdftex.def 2016/07/10 v0.06j Graphics/color for pdfTeX

("C:\Program Files (x86)\MiKTeX 2.9\tex\generic\oberdiek\infwarerr.sty"
Package: infwarerr 2016/05/16 v1.4 Providing info/warning/error messages (HO)
)
("C:\Program Files (x86)\MiKTeX 2.9\tex\generic\oberdiek\ltxcmds.sty"
Package: ltxcmds 2016/05/16 v1.23 LaTeX kernel commands for general use (HO)
)
\Gread@gobject=\count116
))
("C:\Program Files (x86)\MiKTeX 2.9\tex\latex\graphics\lscape.sty"
Package: lscape 2000/10/22 v3.01 Landscape Pages (DPC)

("C:\Program Files (x86)\MiKTeX 2.9\tex\latex\graphics\graphics.sty"
Package: graphics 2016/07/10 v1.0t Standard LaTeX Graphics (DPC,SPQR)

("C:\Program Files (x86)\MiKTeX 2.9\tex\latex\graphics\trig.sty"
Package: trig 2016/01/03 v1.10 sin cos tan (DPC)
)
("C:\Program Files (x86)\MiKTeX 2.9\tex\latex\00miktex\graphics.cfg"
File: graphics.cfg 2016/06/04 v1.11 sample graphics configuration
)
Package graphics Info: Driver file: pdftex.def on input line 99.
))
("C:\Program Files (x86)\MiKTeX 2.9\tex\latex\hyperref\hyperref.sty"
Package: hyperref 2016/06/24 v6.83q Hypertext links for LaTeX

("C:\Program Files (x86)\MiKTeX 2.9\tex\generic\oberdiek\hobsub-hyperref.sty"
Package: hobsub-hyperref 2016/05/16 v1.14 Bundle oberdiek, subset hyperref (HO)


("C:\Program Files (x86)\MiKTeX 2.9\tex\generic\oberdiek\hobsub-generic.sty"
Package: hobsub-generic 2016/05/16 v1.14 Bundle oberdiek, subset generic (HO)
Package: hobsub 2016/05/16 v1.14 Construct package bundles (HO)
Package hobsub Info: Skipping package `infwarerr' (already loaded).
Package hobsub Info: Skipping package `ltxcmds' (already loaded).
Package: ifluatex 2016/05/16 v1.4 Provides the ifluatex switch (HO)
Package ifluatex Info: LuaTeX not detected.
Package hobsub Info: Skipping package `ifvtex' (already loaded).
Package: intcalc 2016/05/16 v1.2 Expandable calculations with integers (HO)
Package hobsub Info: Skipping package `ifpdf' (already loaded).
Package: etexcmds 2016/05/16 v1.6 Avoid name clashes with e-TeX commands (HO)
Package etexcmds Info: Could not find \expanded.
(etexcmds)             That can mean that you are not using pdfTeX 1.50 or
(etexcmds)             that some package has redefined \expanded.
(etexcmds)             In the latter case, load this package earlier.
Package: kvsetkeys 2016/05/16 v1.17 Key value parser (HO)
Package: kvdefinekeys 2016/05/16 v1.4 Define keys (HO)
Package: pdftexcmds 2016/05/21 v0.22 Utility functions of pdfTeX for LuaTeX (HO
)
Package pdftexcmds Info: LuaTeX not detected.
Package pdftexcmds Info: \pdf@primitive is available.
Package pdftexcmds Info: \pdf@ifprimitive is available.
Package pdftexcmds Info: \pdfdraftmode found.
Package: pdfescape 2016/05/16 v1.14 Implements pdfTeX's escape features (HO)
Package: bigintcalc 2016/05/16 v1.4 Expandable calculations on big integers (HO
)
Package: bitset 2016/05/16 v1.2 Handle bit-vector datatype (HO)
Package: uniquecounter 2016/05/16 v1.3 Provide unlimited unique counter (HO)
)
Package hobsub Info: Skipping package `hobsub' (already loaded).
Package: letltxmacro 2016/05/16 v1.5 Let assignment for LaTeX macros (HO)
Package: hopatch 2016/05/16 v1.3 Wrapper for package hooks (HO)
Package: xcolor-patch 2016/05/16 xcolor patch
Package: atveryend 2016/05/16 v1.9 Hooks at the very end of document (HO)
Package atveryend Info: \enddocument detected (standard20110627).
Package: atbegshi 2016/06/09 v1.18 At begin shipout hook (HO)
Package: refcount 2016/05/16 v3.5 Data extraction from label references (HO)
Package: hycolor 2016/05/16 v1.8 Color options for hyperref/bookmark (HO)
)
("C:\Program Files (x86)\MiKTeX 2.9\tex\latex\oberdiek\auxhook.sty"
Package: auxhook 2016/05/16 v1.4 Hooks for auxiliary files (HO)
)
("C:\Program Files (x86)\MiKTeX 2.9\tex\latex\oberdiek\kvoptions.sty"
Package: kvoptions 2016/05/16 v3.12 Key value format for package options (HO)
)
\@linkdim=\dimen133
\Hy@linkcounter=\count117
\Hy@pagecounter=\count118

("C:\Program Files (x86)\MiKTeX 2.9\tex\latex\hyperref\pd1enc.def"
File: pd1enc.def 2016/06/24 v6.83q Hyperref: PDFDocEncoding definition (HO)
)
\Hy@SavedSpaceFactor=\count119

("C:\Program Files (x86)\MiKTeX 2.9\tex\latex\00miktex\hyperref.cfg"
File: hyperref.cfg 2002/06/06 v1.2 hyperref configuration of TeXLive
)
Package hyperref Info: Hyper figures OFF on input line 4486.
Package hyperref Info: Link nesting OFF on input line 4491.
Package hyperref Info: Hyper index ON on input line 4494.
Package hyperref Info: Plain pages OFF on input line 4501.
Package hyperref Info: Backreferencing OFF on input line 4506.
Package hyperref Info: Implicit mode ON; LaTeX internals redefined.
Package hyperref Info: Bookmarks ON on input line 4735.
\c@Hy@tempcnt=\count120

("C:\Program Files (x86)\MiKTeX 2.9\tex\latex\url\url.sty"
\Urlmuskip=\muskip11
Package: url 2013/09/16  ver 3.4  Verb mode for urls, etc.
)
LaTeX Info: Redefining \url on input line 5088.
\XeTeXLinkMargin=\dimen134
\Fld@menulength=\count121
\Field@Width=\dimen135
\Fld@charsize=\dimen136
Package hyperref Info: Hyper figures OFF on input line 6342.
Package hyperref Info: Link nesting OFF on input line 6347.
Package hyperref Info: Hyper index ON on input line 6350.
Package hyperref Info: backreferencing OFF on input line 6357.
Package hyperref Info: Link coloring OFF on input line 6362.
Package hyperref Info: Link coloring with OCG OFF on input line 6367.
Package hyperref Info: PDF/A mode OFF on input line 6372.
LaTeX Info: Redefining \ref on input line 6412.
LaTeX Info: Redefining \pageref on input line 6416.
\Hy@abspage=\count122
\c@Item=\count123
\c@Hfootnote=\count124
)

Package hyperref Message: Driver (autodetected): hpdftex.

("C:\Program Files (x86)\MiKTeX 2.9\tex\latex\hyperref\hpdftex.def"
File: hpdftex.def 2016/06/24 v6.83q Hyperref driver for pdfTeX
\Fld@listcount=\count125
\c@bookmark@seq@number=\count126

("C:\Program Files (x86)\MiKTeX 2.9\tex\latex\oberdiek\rerunfilecheck.sty"
Package: rerunfilecheck 2016/05/16 v1.8 Rerun checks for auxiliary files (HO)
Package uniquecounter Info: New unique counter `rerunfilecheck' on input line 2
82.
)
\Hy@SectionHShift=\skip52
)
("C:\Program Files (x86)\MiKTeX 2.9\tex\latex\soul\soul.sty"
Package: soul 2003/11/17 v2.4 letterspacing/underlining (mf)
\SOUL@word=\toks22
\SOUL@lasttoken=\toks23
\SOUL@cmds=\toks24
\SOUL@buffer=\toks25
\SOUL@token=\toks26
\SOUL@spaceskip=\skip53
\SOUL@ttwidth=\dimen137
\SOUL@uldp=\dimen138
\SOUL@ulht=\dimen139
)
("C:\Program Files (x86)\MiKTeX 2.9\tex\latex\setspace\setspace.sty"
Package: setspace 2011/12/19 v6.7a set line spacing
)
(C:/PROGRA~1/R/R-33~1.1/share/texmf/tex/latex\Sweave.sty
Package: Sweave 

("C:\Program Files (x86)\MiKTeX 2.9\tex\latex\base\ifthen.sty"
Package: ifthen 2014/09/29 v1.1c Standard LaTeX ifthen package (DPC)
)
("C:\Program Files (x86)\MiKTeX 2.9\tex\latex\graphics\graphicx.sty"
Package: graphicx 2014/10/28 v1.0g Enhanced LaTeX Graphics (DPC,SPQR)
\Gin@req@height=\dimen140
\Gin@req@width=\dimen141
)
("C:\Program Files (x86)\MiKTeX 2.9\tex\latex\fancyvrb\fancyvrb.sty"
Package: fancyvrb 2008/02/07

Style option: `fancyvrb' v2.7a, with DG/SPQR fixes, and firstline=lastline fix 
<2008/02/07> (tvz)
\FV@CodeLineNo=\count127
\FV@InFile=\read1
\FV@TabBox=\box30
\c@FancyVerbLine=\count128
\FV@StepNumber=\count129
\FV@OutFile=\write3
)
("C:\Program Files (x86)\MiKTeX 2.9\tex\latex\base\textcomp.sty"
Package: textcomp 2016/06/19 v1.99m Standard LaTeX package
Package textcomp Info: Sub-encoding information:
(textcomp)               5 = only ISO-Adobe without \textcurrency
(textcomp)               4 = 5 + \texteuro
(textcomp)               3 = 4 + \textohm
(textcomp)               2 = 3 + \textestimated + \textcurrency
(textcomp)               1 = TS1 - \textcircled - \t
(textcomp)               0 = TS1 (full)
(textcomp)             Font families with sub-encoding setting implement
(textcomp)             only a restricted character set as indicated.
(textcomp)             Family '?' is the default used for unknown fonts.
(textcomp)             See the documentation for details.
Package textcomp Info: Setting ? sub-encoding to TS1/1 on input line 79.

("C:\Program Files (x86)\MiKTeX 2.9\tex\latex\base\ts1enc.def"
File: ts1enc.def 2001/06/05 v3.0e (jk/car/fm) Standard LaTeX file
)
LaTeX Info: Redefining \oldstylenums on input line 334.
Package textcomp Info: Setting cmr sub-encoding to TS1/0 on input line 349.
Package textcomp Info: Setting cmss sub-encoding to TS1/0 on input line 350.
Package textcomp Info: Setting cmtt sub-encoding to TS1/0 on input line 351.
Package textcomp Info: Setting cmvtt sub-encoding to TS1/0 on input line 352.
Package textcomp Info: Setting cmbr sub-encoding to TS1/0 on input line 353.
Package textcomp Info: Setting cmtl sub-encoding to TS1/0 on input line 354.
Package textcomp Info: Setting ccr sub-encoding to TS1/0 on input line 355.
Package textcomp Info: Setting ptm sub-encoding to TS1/4 on input line 356.
Package textcomp Info: Setting pcr sub-encoding to TS1/4 on input line 357.
Package textcomp Info: Setting phv sub-encoding to TS1/4 on input line 358.
Package textcomp Info: Setting ppl sub-encoding to TS1/3 on input line 359.
Package textcomp Info: Setting pag sub-encoding to TS1/4 on input line 360.
Package textcomp Info: Setting pbk sub-encoding to TS1/4 on input line 361.
Package textcomp Info: Setting pnc sub-encoding to TS1/4 on input line 362.
Package textcomp Info: Setting pzc sub-encoding to TS1/4 on input line 363.
Package textcomp Info: Setting bch sub-encoding to TS1/4 on input line 364.
Package textcomp Info: Setting put sub-encoding to TS1/5 on input line 365.
Package textcomp Info: Setting uag sub-encoding to TS1/5 on input line 366.
Package textcomp Info: Setting ugq sub-encoding to TS1/5 on input line 367.
Package textcomp Info: Setting ul8 sub-encoding to TS1/4 on input line 368.
Package textcomp Info: Setting ul9 sub-encoding to TS1/4 on input line 369.
Package textcomp Info: Setting augie sub-encoding to TS1/5 on input line 370.
Package textcomp Info: Setting dayrom sub-encoding to TS1/3 on input line 371.
Package textcomp Info: Setting dayroms sub-encoding to TS1/3 on input line 372.

Package textcomp Info: Setting pxr sub-encoding to TS1/0 on input line 373.
Package textcomp Info: Setting pxss sub-encoding to TS1/0 on input line 374.
Package textcomp Info: Setting pxtt sub-encoding to TS1/0 on input line 375.
Package textcomp Info: Setting txr sub-encoding to TS1/0 on input line 376.
Package textcomp Info: Setting txss sub-encoding to TS1/0 on input line 377.
Package textcomp Info: Setting txtt sub-encoding to TS1/0 on input line 378.
Package textcomp Info: Setting lmr sub-encoding to TS1/0 on input line 379.
Package textcomp Info: Setting lmdh sub-encoding to TS1/0 on input line 380.
Package textcomp Info: Setting lmss sub-encoding to TS1/0 on input line 381.
Package textcomp Info: Setting lmssq sub-encoding to TS1/0 on input line 382.
Package textcomp Info: Setting lmvtt sub-encoding to TS1/0 on input line 383.
Package textcomp Info: Setting lmtt sub-encoding to TS1/0 on input line 384.
Package textcomp Info: Setting qhv sub-encoding to TS1/0 on input line 385.
Package textcomp Info: Setting qag sub-encoding to TS1/0 on input line 386.
Package textcomp Info: Setting qbk sub-encoding to TS1/0 on input line 387.
Package textcomp Info: Setting qcr sub-encoding to TS1/0 on input line 388.
Package textcomp Info: Setting qcs sub-encoding to TS1/0 on input line 389.
Package textcomp Info: Setting qpl sub-encoding to TS1/0 on input line 390.
Package textcomp Info: Setting qtm sub-encoding to TS1/0 on input line 391.
Package textcomp Info: Setting qzc sub-encoding to TS1/0 on input line 392.
Package textcomp Info: Setting qhvc sub-encoding to TS1/0 on input line 393.
Package textcomp Info: Setting futs sub-encoding to TS1/4 on input line 394.
Package textcomp Info: Setting futx sub-encoding to TS1/4 on input line 395.
Package textcomp Info: Setting futj sub-encoding to TS1/4 on input line 396.
Package textcomp Info: Setting hlh sub-encoding to TS1/3 on input line 397.
Package textcomp Info: Setting hls sub-encoding to TS1/3 on input line 398.
Package textcomp Info: Setting hlst sub-encoding to TS1/3 on input line 399.
Package textcomp Info: Setting hlct sub-encoding to TS1/5 on input line 400.
Package textcomp Info: Setting hlx sub-encoding to TS1/5 on input line 401.
Package textcomp Info: Setting hlce sub-encoding to TS1/5 on input line 402.
Package textcomp Info: Setting hlcn sub-encoding to TS1/5 on input line 403.
Package textcomp Info: Setting hlcw sub-encoding to TS1/5 on input line 404.
Package textcomp Info: Setting hlcf sub-encoding to TS1/5 on input line 405.
Package textcomp Info: Setting pplx sub-encoding to TS1/3 on input line 406.
Package textcomp Info: Setting pplj sub-encoding to TS1/3 on input line 407.
Package textcomp Info: Setting ptmx sub-encoding to TS1/4 on input line 408.
Package textcomp Info: Setting ptmj sub-encoding to TS1/4 on input line 409.
)
("C:\Program Files (x86)\MiKTeX 2.9\tex\latex\base\fontenc.sty"
Package: fontenc 2016/06/19 v1.99m Standard LaTeX package

("C:\Program Files (x86)\MiKTeX 2.9\tex\latex\base\t1enc.def"
File: t1enc.def 2016/06/19 v1.99m Standard LaTeX file
LaTeX Font Info:    Redeclaring font encoding T1 on input line 48.
))
("C:\Program Files (x86)\MiKTeX 2.9\tex\latex\ae\ae.sty"
Package: ae 2001/02/12 1.3 Almost European Computer Modern

("C:\Program Files (x86)\MiKTeX 2.9\tex\latex\base\fontenc.sty"
Package: fontenc 2016/06/19 v1.99m Standard LaTeX package

("C:\Program Files (x86)\MiKTeX 2.9\tex\latex\base\t1enc.def"
File: t1enc.def 2016/06/19 v1.99m Standard LaTeX file
LaTeX Font Info:    Redeclaring font encoding T1 on input line 48.
)
LaTeX Font Info:    Try loading font information for T1+aer on input line 105.

("C:\Program Files (x86)\MiKTeX 2.9\tex\latex\ae\t1aer.fd"
File: t1aer.fd 1997/11/16 Font definitions for T1/aer.
))))
(master_dissertation.aux)
\openout1 = `master_dissertation.aux'.

LaTeX Font Info:    Checking defaults for OML/cmm/m/it on input line 68.
LaTeX Font Info:    ... okay on input line 68.
LaTeX Font Info:    Checking defaults for T1/cmr/m/n on input line 68.
LaTeX Font Info:    ... okay on input line 68.
LaTeX Font Info:    Checking defaults for OT1/cmr/m/n on input line 68.
LaTeX Font Info:    ... okay on input line 68.
LaTeX Font Info:    Checking defaults for OMS/cmsy/m/n on input line 68.
LaTeX Font Info:    ... okay on input line 68.
LaTeX Font Info:    Checking defaults for OMX/cmex/m/n on input line 68.
LaTeX Font Info:    ... okay on input line 68.
LaTeX Font Info:    Checking defaults for U/cmr/m/n on input line 68.
LaTeX Font Info:    ... okay on input line 68.
LaTeX Font Info:    Checking defaults for PD1/pdf/m/n on input line 68.
LaTeX Font Info:    ... okay on input line 68.
LaTeX Font Info:    Checking defaults for TS1/cmr/m/n on input line 68.
LaTeX Font Info:    Try loading font information for TS1+cmr on input line 68.

("C:\Program Files (x86)\MiKTeX 2.9\tex\latex\base\ts1cmr.fd"
File: ts1cmr.fd 2014/09/29 v2.5h Standard LaTeX font definitions
)
LaTeX Font Info:    ... okay on input line 68.

*geometry* driver: auto-detecting
*geometry* detected driver: pdftex
*geometry* verbose mode - [ preamble ] result:
* driver: pdftex
* paper: a4paper
* layout: <same size as paper>
* layoutoffset:(h,v)=(0.0pt,0.0pt)
* bindingoffset: 14.45377pt
* modes: twoside 
* h-part:(L,W,R)=(72.26999pt, 438.51413pt, 72.26999pt)
* v-part:(T,H,B)=(72.26999pt, 700.50687pt, 72.26999pt)
* \paperwidth=597.50787pt
* \paperheight=845.04684pt
* \textwidth=438.51413pt
* \textheight=700.50687pt
* \oddsidemargin=14.45377pt
* \evensidemargin=0.0pt
* \topmargin=-37.0pt
* \headheight=12.0pt
* \headsep=25.0pt
* \topskip=11.0pt
* \footskip=36.135pt
* \marginparwidth=113.0pt
* \marginparsep=10.0pt
* \columnsep=10.0pt
* \skip\footins=10.0pt plus 4.0pt minus 2.0pt
* \hoffset=0.0pt
* \voffset=0.0pt
* \mag=1000
* \@twocolumnfalse
* \@twosidetrue
* \@mparswitchtrue
* \@reversemarginfalse
* (1in=72.27pt=25.4mm, 1cm=28.453pt)

\c@lstlisting=\count130
("C:\Program Files (x86)\MiKTeX 2.9\tex\context\base\supp-pdf.mkii"
[Loading MPS to PDF converter (version 2006.09.02).]
\scratchcounter=\count131
\scratchdimen=\dimen142
\scratchbox=\box31
\nofMPsegments=\count132
\nofMParguments=\count133
\everyMPshowfont=\toks27
\MPscratchCnt=\count134
\MPscratchDim=\dimen143
\MPnumerator=\count135
\makeMPintoPDFobject=\count136
\everyMPtoPDFconversion=\toks28
) ("C:\Program Files (x86)\MiKTeX 2.9\tex\latex\oberdiek\epstopdf-base.sty"
Package: epstopdf-base 2016/05/15 v2.6 Base part for package epstopdf

("C:\Program Files (x86)\MiKTeX 2.9\tex\latex\oberdiek\grfext.sty"
Package: grfext 2016/05/16 v1.2 Manage graphics extensions (HO)
)
Package epstopdf-base Info: Redefining graphics rule for `.eps' on input line 4
38.
Package grfext Info: Graphics extension search list:
(grfext)             [.png,.pdf,.jpg,.mps,.jpeg,.jbig2,.jb2,.PNG,.PDF,.JPG,.JPE
G,.JBIG2,.JB2,.eps]
(grfext)             \AppendGraphicsExtensions on input line 456.
)
\AtBeginShipoutBox=\box32
Package hyperref Info: Link coloring OFF on input line 68.

("C:\Program Files (x86)\MiKTeX 2.9\tex\latex\hyperref\nameref.sty"
Package: nameref 2016/05/21 v2.44 Cross-referencing by name of section

("C:\Program Files (x86)\MiKTeX 2.9\tex\generic\oberdiek\gettitlestring.sty"
Package: gettitlestring 2016/05/16 v1.5 Cleanup title references (HO)
)
\c@section@level=\count137
)
LaTeX Info: Redefining \ref on input line 68.
LaTeX Info: Redefining \pageref on input line 68.
LaTeX Info: Redefining \nameref on input line 68.

(master_dissertation.out) (master_dissertation.out)
\@outlinefile=\write4
\openout4 = `master_dissertation.out'.


(master_dissertation-concordance.tex)
LaTeX Font Info:    Try loading font information for T1+aett on input line 75.

("C:\Program Files (x86)\MiKTeX 2.9\tex\latex\ae\t1aett.fd"
File: t1aett.fd 1997/11/16 Font definitions for T1/aett.
)
<logo.jpg, id=140, 250.9375pt x 271.0125pt>
File: logo.jpg Graphic file (type jpg)
 <use logo.jpg>
Package pdftex.def Info: logo.jpg used on input line 75.
(pdftex.def)             Requested size: 142.27005pt x 142.26714pt.
 [1

{C:/ProgramData/MiKTeX/2.9/pdftex/config/pdftex.map} <./logo.jpg>] (master_diss
ertation.toc
[2

])
\tf@toc=\write5
\openout5 = `master_dissertation.toc'.

 [3] (master_dissertation.lof
Overfull \hbox (6.7854pt too wide) in paragraph at lines 14--14
 [][] [][]\T1/aer/m/n/10.95 The to-pog-ra-phy of the Maunga Whau been drawn by 
us-ing the \T1/aett/m/n/10.95 filled.contour()[] [][]  
 []

[4

])
\tf@lof=\write6
\openout6 = `master_dissertation.lof'.

 [5] [6]
Underfull \hbox (badness 10000) in paragraph at lines 83--84

 []


Underfull \hbox (badness 10000) in paragraph at lines 85--86

 []

[7] [8]
Chapter 1.

Underfull \hbox (badness 10000) in paragraph at lines 106--107

 []

<figure/intro.png, id=333, 539.76656pt x 456.20438pt>
File: figure/intro.png Graphic file (type png)
 <use figure/intro.png>
Package pdftex.def Info: figure/intro.png used on input line 110.
(pdftex.def)             Requested size: 270.30266pt x 213.39279pt.

Underfull \hbox (badness 10000) in paragraph at lines 116--117

 []

[9

 <./figure/intro.png>]
Underfull \hbox (badness 10000) in paragraph at lines 119--120

 []


Underfull \hbox (badness 10000) in paragraph at lines 121--122

 []

<figure/report_basic_demo_1.pdf, id=360, 505.89pt x 505.89pt>
File: figure/report_basic_demo_1.pdf Graphic file (type pdf)

<use figure/report_basic_demo_1.pdf>
Package pdftex.def Info: figure/report_basic_demo_1.pdf used on input line 136.

(pdftex.def)             Requested size: 199.17207pt x 199.17207pt.
File: figure/report_basic_demo_1.pdf Graphic file (type pdf)
 <use figure/report_basic_demo_1.pdf>
Package pdftex.def Info: figure/report_basic_demo_1.pdf used on input line 137.

(pdftex.def)             Requested size: 199.17207pt x 199.17207pt.

[10 <./figure/report_basic_demo_1.pdf>]
("C:\Program Files (x86)\MiKTeX 2.9\tex\latex\listings\lstlang1.sty"
File: lstlang1.sty 2015/06/04 1.6 listings language file
)
("C:\Program Files (x86)\MiKTeX 2.9\tex\latex\listings\lstlang2.sty"
File: lstlang2.sty 2015/06/04 1.6 listings language file
)
("C:\Program Files (x86)\MiKTeX 2.9\tex\latex\listings\lstlang3.sty"
File: lstlang3.sty 2015/06/04 1.6 listings language file
)

LaTeX Font Warning: Font shape `T1/aett/bx/n' undefined
(Font)              using `T1/aett/m/n' instead on input line 145.

<figure/report_basic_demo_4.pdf, id=373, 505.89pt x 505.89pt>
File: figure/report_basic_demo_4.pdf Graphic file (type pdf)

<use figure/report_basic_demo_4.pdf>
Package pdftex.def Info: figure/report_basic_demo_4.pdf used on input line 171.

(pdftex.def)             Requested size: 213.39865pt x 213.39865pt.
 [11 <./figure/report_basic_demo_4.pdf>]
<figure/report_fill_1.pdf, id=398, 505.89pt x 505.89pt>
File: figure/report_fill_1.pdf Graphic file (type pdf)

<use figure/report_fill_1.pdf>
Package pdftex.def Info: figure/report_fill_1.pdf used on input line 191.
(pdftex.def)             Requested size: 213.39865pt x 199.17207pt.

<figure/report_fill_2.pdf, id=399, 505.89pt x 505.89pt>
File: figure/report_fill_2.pdf Graphic file (type pdf)

<use figure/report_fill_2.pdf>
Package pdftex.def Info: figure/report_fill_2.pdf used on input line 192.
(pdftex.def)             Requested size: 213.39865pt x 199.17207pt.
 [12 <./figure/report_fill_1.pdf> <./figure/report_fill_2.pdf>] [13]
Chapter 2.

Underfull \hbox (badness 10000) in paragraph at lines 223--224

 []

LaTeX Font Info:    Try loading font information for TS1+aett on input line 229
.
(C:/PROGRA~1/R/R-33~1.1/share/texmf/tex/latex\ts1aett.fd
File: ts1aett.fd 
)
LaTeX Font Info:    Try loading font information for TS1+cmtt on input line 229
.

("C:\Program Files (x86)\MiKTeX 2.9\tex\latex\base\ts1cmtt.fd"
File: ts1cmtt.fd 2014/09/29 v2.5h Standard LaTeX font definitions
)
LaTeX Font Info:    Font shape `TS1/aett/m/sl' in size <10.95> not available
(Font)              Font shape `TS1/cmtt/m/sl' tried instead on input line 229.


<figure/report_3.pdf, id=428, 505.89pt x 505.89pt>
File: figure/report_3.pdf Graphic file (type pdf)
 <use figure/report_3.pdf>
Package pdftex.def Info: figure/report_3.pdf used on input line 260.
(pdftex.def)             Requested size: 284.53154pt x 284.53154pt.


LaTeX Warning: `h' float specifier changed to `ht'.

[14

] [15 <./figure/report_3.pdf>]
Chapter 3.
<figure/standalone_1.pdf, id=444, 505.89pt x 505.89pt>
File: figure/standalone_1.pdf Graphic file (type pdf)

<use figure/standalone_1.pdf>
Package pdftex.def Info: figure/standalone_1.pdf used on input line 286.
(pdftex.def)             Requested size: 312.9847pt x 312.9847pt.


LaTeX Warning: `h' float specifier changed to `ht'.

[16

] [17 <./figure/standalone_1.pdf>]
Underfull \hbox (badness 10000) in paragraph at lines 327--328

 []

! Undefined control sequence.
l.329 ... the values for all combination of \empth
                                                  {x} and \textbf{y} and the...
The control sequence at the end of the top line
of your error message was never \def'ed. If you have
misspelled it (e.g., `\hobx'), type `I' and the correct
spelling (e.g., `I\hbox'). Otherwise just continue,
and I'll forget about whatever was undefined.


Underfull \hbox (badness 10000) in paragraph at lines 329--330

 []


Underfull \hbox (badness 10000) in paragraph at lines 331--332

 []


Underfull \hbox (badness 10000) in paragraph at lines 346--347

 []

[18] <figure/standalone_p_1.pdf, id=466, 505.89pt x 505.89pt>
File: figure/standalone_p_1.pdf Graphic file (type pdf)

<use figure/standalone_p_1.pdf>
Package pdftex.def Info: figure/standalone_p_1.pdf used on input line 385.
(pdftex.def)             Requested size: 213.39865pt x 213.39865pt.

<figure/standalone_p_2.pdf, id=467, 505.89pt x 505.89pt>
File: figure/standalone_p_2.pdf Graphic file (type pdf)

<use figure/standalone_p_2.pdf>
Package pdftex.def Info: figure/standalone_p_2.pdf used on input line 386.
(pdftex.def)             Requested size: 213.39865pt x 213.39865pt.

<figure/standalone_p_3.pdf, id=468, 505.89pt x 505.89pt>
File: figure/standalone_p_3.pdf Graphic file (type pdf)

<use figure/standalone_p_3.pdf>
Package pdftex.def Info: figure/standalone_p_3.pdf used on input line 387.
(pdftex.def)             Requested size: 213.39865pt x 213.39865pt.

<figure/standalone_p_4.pdf, id=469, 505.89pt x 505.89pt>
File: figure/standalone_p_4.pdf Graphic file (type pdf)

<use figure/standalone_p_4.pdf>
Package pdftex.def Info: figure/standalone_p_4.pdf used on input line 388.
(pdftex.def)             Requested size: 213.39865pt x 213.39865pt.
 [19] [20 <./figure/standalone_p_1.pdf> <./figure/standalone_p_2.pdf> <./figure
/standalone_p_3.pdf> <./figure/standalone_p_4.pdf>]
Underfull \hbox (badness 10000) in paragraph at lines 401--402

 []


Underfull \hbox (badness 10000) in paragraph at lines 403--404

 []

<figure/Lighting_1.pdf, id=491, 505.89pt x 505.89pt>
File: figure/Lighting_1.pdf Graphic file (type pdf)

<use figure/Lighting_1.pdf>
Package pdftex.def Info: figure/Lighting_1.pdf used on input line 420.
(pdftex.def)             Requested size: 213.39865pt x 213.39865pt.

<figure/Lighting_2.pdf, id=492, 505.89pt x 505.89pt>
File: figure/Lighting_2.pdf Graphic file (type pdf)

<use figure/Lighting_2.pdf>
Package pdftex.def Info: figure/Lighting_2.pdf used on input line 421.
(pdftex.def)             Requested size: 213.39865pt x 213.39865pt.
 [21 <./figure/Lighting_1.pdf> <./figure/Lighting_2.pdf>]
Underfull \hbox (badness 10000) in paragraph at lines 429--430

 []

("C:\Program Files (x86)\MiKTeX 2.9\tex\latex\listings\lstlang1.sty"
File: lstlang1.sty 2015/06/04 1.6 listings language file
)
("C:\Program Files (x86)\MiKTeX 2.9\tex\latex\listings\lstmisc.sty"
File: lstmisc.sty 2015/06/04 1.6 (Carsten Heinz)
)
! Undefined control sequence.
l.444 ...It also multiplying the variable \textttt
                                                  {c} and \texttt{s} for fur...
The control sequence at the end of the top line
of your error message was never \def'ed. If you have
misspelled it (e.g., `\hobx'), type `I' and the correct
spelling (e.g., `I\hbox'). Otherwise just continue,
and I'll forget about whatever was undefined.


Underfull \hbox (badness 10000) in paragraph at lines 444--445

 []

[22]
! Undefined control sequence.
l.482 ...texttt{z[i - 1 + (j - 1) * nx]} in \textt
                                                  {FindPolygonVertices()} is...
The control sequence at the end of the top line
of your error message was never \def'ed. If you have
misspelled it (e.g., `\hobx'), type `I' and the correct
spelling (e.g., `I\hbox'). Otherwise just continue,
and I'll forget about whatever was undefined.


Underfull \hbox (badness 10000) in paragraph at lines 482--483

 []


Underfull \hbox (badness 10000) in paragraph at lines 484--485

 []


Underfull \hbox (badness 10000) in paragraph at lines 487--488

 []

<figure/box_example_1.pdf, id=538, 505.89pt x 505.89pt>
File: figure/box_example_1.pdf Graphic file (type pdf)

<use figure/box_example_1.pdf>
Package pdftex.def Info: figure/box_example_1.pdf used on input line 492.
(pdftex.def)             Requested size: 199.17207pt x 199.17207pt.

<figure/box_example_2.pdf, id=539, 505.89pt x 505.89pt>
File: figure/box_example_2.pdf Graphic file (type pdf)

<use figure/box_example_2.pdf>
Package pdftex.def Info: figure/box_example_2.pdf used on input line 493.
(pdftex.def)             Requested size: 199.17207pt x 199.17207pt.


LaTeX Warning: `h' float specifier changed to `ht'.

<figure/axis_example_1.pdf, id=541, 505.89pt x 505.89pt>
File: figure/axis_example_1.pdf Graphic file (type pdf)

<use figure/axis_example_1.pdf>
Package pdftex.def Info: figure/axis_example_1.pdf used on input line 505.
(pdftex.def)             Requested size: 142.26576pt x 142.26576pt.

<figure/axis_example_2.pdf, id=542, 505.89pt x 505.89pt>
File: figure/axis_example_2.pdf Graphic file (type pdf)

<use figure/axis_example_2.pdf>
Package pdftex.def Info: figure/axis_example_2.pdf used on input line 506.
(pdftex.def)             Requested size: 142.26576pt x 142.26576pt.

<figure/axis_example_3.pdf, id=543, 505.89pt x 505.89pt>
File: figure/axis_example_3.pdf Graphic file (type pdf)

<use figure/axis_example_3.pdf>
Package pdftex.def Info: figure/axis_example_3.pdf used on input line 507.
(pdftex.def)             Requested size: 142.26576pt x 142.26576pt.


LaTeX Warning: `h' float specifier changed to `ht'.

[23] [24 <./figure/box_example_1.pdf> <./figure/box_example_2.pdf> <./figure/ax
is_example_1.pdf> <./figure/axis_example_2.pdf> <./figure/axis_example_3.pdf>]
<figure/filled_example_1.pdf, id=586, 505.89pt x 505.89pt>
File: figure/filled_example_1.pdf Graphic file (type pdf)

<use figure/filled_example_1.pdf>
Package pdftex.def Info: figure/filled_example_1.pdf used on input line 556.
(pdftex.def)             Requested size: 341.43785pt x 284.53154pt.

Underfull \hbox (badness 3514) in paragraph at lines 557--557
[]\T1/aer/m/n/10.95 Figure 3.6: []The to-pog-ra-phy of the Maunga Whau been dra
wn by us-ing the
 []


Underfull \hbox (badness 10000) in paragraph at lines 562--563

 []

[25 <./figure/filled_example_1.pdf>]
Underfull \hbox (badness 10000) in paragraph at lines 564--565

 []


Underfull \hbox (badness 10000) in paragraph at lines 577--578

 []


Underfull \hbox (badness 10000) in paragraph at lines 579--580

 []

[26]
Underfull \hbox (badness 10000) in paragraph at lines 602--607

 []

[27]
Chapter 4.

Underfull \hbox (badness 10000) in paragraph at lines 632--633

 []


Underfull \hbox (badness 10000) in paragraph at lines 634--635

 []

<figure/viewport_demo_1.pdf, id=632, 1011.78pt x 505.89pt>
File: figure/viewport_demo_1.pdf Graphic file (type pdf)

<use figure/viewport_demo_1.pdf>
Package pdftex.def Info: figure/viewport_demo_1.pdf used on input line 648.
(pdftex.def)             Requested size: 398.34416pt x 199.17207pt.


LaTeX Warning: `!h' float specifier changed to `!ht'.

[28

]
Overfull \hbox (0.59001pt too wide) in paragraph at lines 677--678
\T1/aett/m/n/10.95 graphics-inner::graphics-figure-1::graphics-plot-1-clip::gra
phics-window-1-1\T1/aer/m/n/10.95 .
 []


Underfull \hbox (badness 10000) in paragraph at lines 677--678

 []


Underfull \hbox (badness 10000) in paragraph at lines 679--680

 []

[29 <./figure/viewport_demo_1.pdf>]
LaTeX Font Info:    Try loading font information for TS1+aer on input line 685.


(C:/PROGRA~1/R/R-33~1.1/share/texmf/tex/latex\ts1aer.fd
File: ts1aer.fd 
)
LaTeX Font Info:    Font shape `TS1/aer/m/n' in size <10.95> not available
(Font)              Font shape `TS1/cmr/m/n' tried instead on input line 685.

Underfull \hbox (badness 10000) in paragraph at lines 689--691

 []


Underfull \hbox (badness 10000) in paragraph at lines 692--693

 []


Underfull \hbox (badness 10000) in paragraph at lines 694--695

 []


Underfull \hbox (badness 10000) in paragraph at lines 696--697

 []

[30] <figure/gridGraphics_persp_demo_1.pdf, id=669, 505.89pt x 505.89pt>
File: figure/gridGraphics_persp_demo_1.pdf Graphic file (type pdf)

<use figure/gridGraphics_persp_demo_1.pdf>
Package pdftex.def Info: figure/gridGraphics_persp_demo_1.pdf used on input lin
e 721.
(pdftex.def)             Requested size: 227.62523pt x 227.62523pt.
 [31 <./figure/gridGraphics_persp_demo_1.pdf>]
Underfull \hbox (badness 10000) in paragraph at lines 728--729

 []

<figure/gridGraphics_persp_demo_viewport_1.pdf, id=680, 505.89pt x 505.89pt>
File: figure/gridGraphics_persp_demo_viewport_1.pdf Graphic file (type pdf)

<use figure/gridGraphics_persp_demo_viewport_1.pdf>
Package pdftex.def Info: figure/gridGraphics_persp_demo_viewport_1.pdf used on 
input line 745.
(pdftex.def)             Requested size: 199.17207pt x 199.17207pt.

<figure/gridGraphics_persp_demo_viewport_2.pdf, id=681, 505.89pt x 505.89pt>
File: figure/gridGraphics_persp_demo_viewport_2.pdf Graphic file (type pdf)

<use figure/gridGraphics_persp_demo_viewport_2.pdf>
Package pdftex.def Info: figure/gridGraphics_persp_demo_viewport_2.pdf used on 
input line 746.
(pdftex.def)             Requested size: 199.17207pt x 199.17207pt.

Underfull \hbox (badness 10000) in paragraph at lines 752--753

 []

[32 <./figure/gridGraphics_persp_demo_viewport_1.pdf> <./figure/gridGraphics_pe
rsp_demo_viewport_2.pdf>]
Underfull \hbox (badness 10000) in paragraph at lines 767--768

 []


Underfull \hbox (badness 10000) in paragraph at lines 782--783

 []

<figure/gridGraphics_persp_demo_viewport2_1.pdf, id=705, 505.89pt x 505.89pt>
File: figure/gridGraphics_persp_demo_viewport2_1.pdf Graphic file (type pdf)

<use figure/gridGraphics_persp_demo_viewport2_1.pdf>
Package pdftex.def Info: figure/gridGraphics_persp_demo_viewport2_1.pdf used on
 input line 786.
(pdftex.def)             Requested size: 199.17207pt x 199.17207pt.

<figure/gridGraphics_persp_demo_viewport2_2.pdf, id=706, 505.89pt x 505.89pt>
File: figure/gridGraphics_persp_demo_viewport2_2.pdf Graphic file (type pdf)

<use figure/gridGraphics_persp_demo_viewport2_2.pdf>
Package pdftex.def Info: figure/gridGraphics_persp_demo_viewport2_2.pdf used on
 input line 787.
(pdftex.def)             Requested size: 199.17207pt x 199.17207pt.


LaTeX Warning: `h' float specifier changed to `ht'.

[33]
Underfull \hbox (badness 10000) in paragraph at lines 794--795

 []


Underfull \hbox (badness 10000) in paragraph at lines 796--797

 []


Underfull \vbox (badness 6944) has occurred while \output is active []

 [34 <./figure/gridGraphics_persp_demo_viewport2_1.pdf> <./figure/gridGraphics_
persp_demo_viewport2_2.pdf>]

! LaTeX Error: There's no line here to end.

See the LaTeX manual or LaTeX Companion for explanation.
Type  H <return>  for immediate help.
 ...                                              
                                                  
l.820 
      
Your command was ignored.
Type  I <command> <return>  to replace it with another command,
or  <return>  to continue without it.

<figure/gridGraphics_persp_demo_viewport3_1.pdf, id=742, 505.89pt x 505.89pt>
File: figure/gridGraphics_persp_demo_viewport3_1.pdf Graphic file (type pdf)

<use figure/gridGraphics_persp_demo_viewport3_1.pdf>
Package pdftex.def Info: figure/gridGraphics_persp_demo_viewport3_1.pdf used on
 input line 823.
(pdftex.def)             Requested size: 199.17207pt x 199.17207pt.

<figure/gridGraphics_persp_demo_viewport3_2.pdf, id=743, 505.89pt x 505.89pt>
File: figure/gridGraphics_persp_demo_viewport3_2.pdf Graphic file (type pdf)

<use figure/gridGraphics_persp_demo_viewport3_2.pdf>
Package pdftex.def Info: figure/gridGraphics_persp_demo_viewport3_2.pdf used on
 input line 824.
(pdftex.def)             Requested size: 199.17207pt x 199.17207pt.

Underfull \hbox (badness 10000) in paragraph at lines 831--833

 []

[35 <./figure/gridGraphics_persp_demo_viewport3_1.pdf> <./figure/gridGraphics_p
ersp_demo_viewport3_2.pdf>]
<figure/filledContour_origin_02.pdf, id=779, 505.89pt x 505.89pt>
File: figure/filledContour_origin_02.pdf Graphic file (type pdf)

<use figure/filledContour_origin_02.pdf>
Package pdftex.def Info: figure/filledContour_origin_02.pdf used on input line 
845.
(pdftex.def)             Requested size: 142.26576pt x 142.26576pt.

<figure/filledContour_origin_03.pdf, id=780, 505.89pt x 505.89pt>
File: figure/filledContour_origin_03.pdf Graphic file (type pdf)

<use figure/filledContour_origin_03.pdf>
Package pdftex.def Info: figure/filledContour_origin_03.pdf used on input line 
846.
(pdftex.def)             Requested size: 170.71892pt x 142.26576pt.

<figure/filledContour_origin_01.pdf, id=781, 505.89pt x 505.89pt>
File: figure/filledContour_origin_01.pdf Graphic file (type pdf)

<use figure/filledContour_origin_01.pdf>
Package pdftex.def Info: figure/filledContour_origin_01.pdf used on input line 
847.
(pdftex.def)             Requested size: 170.71892pt x 142.26576pt.
 [36 <./figure/filledContour_origin_02.pdf> <./figure/filledContour_origin_03.p
df> <./figure/filledContour_origin_01.pdf>]
Chapter 5.

Underfull \hbox (badness 10000) in paragraph at lines 855--856

 []


Underfull \hbox (badness 10000) in paragraph at lines 857--858

 []


Underfull \hbox (badness 10000) in paragraph at lines 859--860

 []

<figure/Chapter5_example_01.pdf, id=811, 505.89pt x 505.89pt>
File: figure/Chapter5_example_01.pdf Graphic file (type pdf)

<use figure/Chapter5_example_01.pdf>
Package pdftex.def Info: figure/Chapter5_example_01.pdf used on input line 863.

(pdftex.def)             Requested size: 199.17207pt x 199.17207pt.

<figure/Chapter5_example_02.pdf, id=812, 505.89pt x 505.89pt>
File: figure/Chapter5_example_02.pdf Graphic file (type pdf)

<use figure/Chapter5_example_02.pdf>
Package pdftex.def Info: figure/Chapter5_example_02.pdf used on input line 864.

(pdftex.def)             Requested size: 199.17207pt x 199.17207pt.

<figure/Chapter5_example_03.pdf, id=813, 505.89pt x 505.89pt>
File: figure/Chapter5_example_03.pdf Graphic file (type pdf)

<use figure/Chapter5_example_03.pdf>
Package pdftex.def Info: figure/Chapter5_example_03.pdf used on input line 865.

(pdftex.def)             Requested size: 199.17207pt x 199.17207pt.


LaTeX Warning: `!h' float specifier changed to `!ht'.

[37

]
Underfull \hbox (badness 10000) in paragraph at lines 872--873

 []


Underfull \hbox (badness 10000) in paragraph at lines 874--875

 []

<figure/montage/persp-montage.png, id=822, 1549.79pt x 2324.685pt>
File: figure/montage/persp-montage.png Graphic file (type png)

<use figure/montage/persp-montage.png>
Package pdftex.def Info: figure/montage/persp-montage.png used on input line 87
9.
(pdftex.def)             Requested size: 455.24496pt x 682.86746pt.

Overfull \hbox (16.73083pt too wide) in paragraph at lines 879--880
 [] 
 []


LaTeX Warning: Float too large for page by 21.08484pt on input line 883.


LaTeX Warning: `h' float specifier changed to `ht'.

<figure/montage/filled-contour-montage.png, id=823, 774.895pt x 1937.2375pt>
File: figure/montage/filled-contour-montage.png Graphic file (type png)

<use figure/montage/filled-contour-montage.png>
Package pdftex.def Info: figure/montage/filled-contour-montage.png used on inpu
t line 888.
(pdftex.def)             Requested size: 341.43964pt x 682.86154pt.


LaTeX Warning: Float too large for page by 20.07892pt on input line 892.


LaTeX Warning: `h' float specifier changed to `ht'.

[38 <./figure/Chapter5_example_01.pdf> <./figure/Chapter5_example_02.pdf> <./fi
gure/Chapter5_example_03.pdf>] [39 <./figure/montage/persp-montage.png>]
[40 <./figure/montage/filled-contour-montage.png>]
Chapter 6.

Underfull \hbox (badness 10000) in paragraph at lines 900--902

 []

<figure/Chapter6_example_1_2.pdf, id=851, 505.89pt x 505.89pt>
File: figure/Chapter6_example_1_2.pdf Graphic file (type pdf)

<use figure/Chapter6_example_1_2.pdf>
Package pdftex.def Info: figure/Chapter6_example_1_2.pdf used on input line 918
.
(pdftex.def)             Requested size: 199.17207pt x 199.17207pt.

<figure/Chapter6_example_1_3.pdf, id=852, 505.89pt x 505.89pt>
File: figure/Chapter6_example_1_3.pdf Graphic file (type pdf)

<use figure/Chapter6_example_1_3.pdf>
Package pdftex.def Info: figure/Chapter6_example_1_3.pdf used on input line 919
.
(pdftex.def)             Requested size: 227.62523pt x 199.17207pt.


LaTeX Warning: `h' float specifier changed to `ht'.

[41

] <figure/Chapter6_example_2_2.pdf, id=858, 505.89pt x 505.89pt>
File: figure/Chapter6_example_2_2.pdf Graphic file (type pdf)

<use figure/Chapter6_example_2_2.pdf>
Package pdftex.def Info: figure/Chapter6_example_2_2.pdf used on input line 955
.
(pdftex.def)             Requested size: 199.17207pt x 199.17207pt.

<figure/Chapter6_example_2_4.pdf, id=859, 505.89pt x 505.89pt>
File: figure/Chapter6_example_2_4.pdf Graphic file (type pdf)

<use figure/Chapter6_example_2_4.pdf>
Package pdftex.def Info: figure/Chapter6_example_2_4.pdf used on input line 956
.
(pdftex.def)             Requested size: 199.17207pt x 199.17207pt.


LaTeX Warning: `!h' float specifier changed to `!ht'.

[42 <./figure/Chapter6_example_1_2.pdf> <./figure/Chapter6_example_1_3.pdf>]
Underfull \hbox (badness 10000) in paragraph at lines 964--965

 []


! LaTeX Error: Unknown float option `H'.

See the LaTeX manual or LaTeX Companion for explanation.
Type  H <return>  for immediate help.
 ...                                              
                                                  
l.967 \begin{figure}[H]
                       
Option `H' ignored and `p' used.

<figure/Chapter6_example_3_1.pdf, id=872, 505.89pt x 700.6175pt>
File: figure/Chapter6_example_3_1.pdf Graphic file (type pdf)

<use figure/Chapter6_example_3_1.pdf>
Package pdftex.def Info: figure/Chapter6_example_3_1.pdf used on input line 969
.
(pdftex.def)             Requested size: 341.43785pt x 455.257pt.
 [43 <./figure/Chapter6_example_2_2.pdf> <./figure/Chapter6_example_2_4.pdf>] [
44 <./figure/Chapter6_example_3_1.pdf>]
! Undefined control sequence.
l.979 ...at contains the \textbf{grobs} and \texbf
                                                  {viewport} with names. The...
The control sequence at the end of the top line
of your error message was never \def'ed. If you have
misspelled it (e.g., `\hobx'), type `I' and the correct
spelling (e.g., `I\hbox'). Otherwise just continue,
and I'll forget about whatever was undefined.


Underfull \hbox (badness 10000) in paragraph at lines 979--980

 []


Underfull \hbox (badness 10000) in paragraph at lines 990--991

 []


Underfull \hbox (badness 10000) in paragraph at lines 992--993

 []


Underfull \hbox (badness 10000) in paragraph at lines 994--995

 []

<figure/svg/svgdemo0.PNG, id=900, 79.04532pt x 70.76437pt>
File: figure/svg/svgdemo0.PNG Graphic file (type png)

<use figure/svg/svgdemo0.PNG>
Package pdftex.def Info: figure/svg/svgdemo0.PNG used on input line 1007.
(pdftex.def)             Requested size: 45.52547pt x 41.25714pt.

<figure/svg/svgdemo1.PNG, id=901, 76.03406pt x 72.27pt>
File: figure/svg/svgdemo1.PNG Graphic file (type png)

<use figure/svg/svgdemo1.PNG>
Package pdftex.def Info: figure/svg/svgdemo1.PNG used on input line 1009.
(pdftex.def)             Requested size: 42.6797pt x 42.67862pt.


LaTeX Warning: `h' float specifier changed to `ht'.

[45] <figure/svg/origin_1.PNG, id=922, 505.13719pt x 438.8897pt>
File: figure/svg/origin_1.PNG Graphic file (type png)

<use figure/svg/origin_1.PNG>
Package pdftex.def Info: figure/svg/origin_1.PNG used on input line 1034.
(pdftex.def)             Requested size: 256.075pt x 227.62793pt.
 [46 <./figure/svg/svgdemo0.PNG> <./figure/svg/svgdemo1.PNG> <./figure/svg/orig
in_1.PNG>]

! LaTeX Error: There's no line here to end.

See the LaTeX manual or LaTeX Companion for explanation.
Type  H <return>  for immediate help.
 ...                                              
                                                  
l.1052 
       
Your command was ignored.
Type  I <command> <return>  to replace it with another command,
or  <return>  to continue without it.

[47]
Underfull \hbox (badness 10000) in paragraph at lines 1064--1065

 []


! LaTeX Error: Undefined color `darkgray'.

See the LaTeX manual or LaTeX Companion for explanation.
Type  H <return>  for immediate help.
 ...                                              
                                                  
l.1078 color_new = this.
                        getAttribute('fill');
You're in trouble here.  Try typing  <return>  to proceed.
If that doesn't work, type  X <return>  to quit.

File: figure/svg/origin_1.PNG Graphic file (type png)
<use figure/svg/origin_1.PNG>
Package pdftex.def Info: figure/svg/origin_1.PNG used on input line 1088.
(pdftex.def)             Requested size: 142.26218pt x 142.26244pt.

<figure/svg/change_2.PNG, id=950, 500.62032pt x 437.38406pt>
File: figure/svg/change_2.PNG Graphic file (type png)

<use figure/svg/change_2.PNG>
Package pdftex.def Info: figure/svg/change_2.PNG used on input line 1089.
(pdftex.def)             Requested size: 142.26578pt x 142.26158pt.

<figure/svg/change_3.PNG, id=951, 499.11469pt x 437.38406pt>
File: figure/svg/change_3.PNG Graphic file (type png)

<use figure/svg/change_3.PNG>
Package pdftex.def Info: figure/svg/change_3.PNG used on input line 1090.
(pdftex.def)             Requested size: 142.26439pt x 142.26158pt.
 [48 <./figure/svg/change_2.PNG> <./figure/svg/change_3.PNG>]
File: figure/svg/origin_1.PNG Graphic file (type png)
 <use figure/svg/origin_1.PNG>
Package pdftex.def Info: figure/svg/origin_1.PNG used on input line 1115.
(pdftex.def)             Requested size: 142.26218pt x 142.26244pt.

<figure/svg/opacity_2.PNG, id=976, 500.62032pt x 438.13687pt>
File: figure/svg/opacity_2.PNG Graphic file (type png)

<use figure/svg/opacity_2.PNG>
Package pdftex.def Info: figure/svg/opacity_2.PNG used on input line 1116.
(pdftex.def)             Requested size: 142.26578pt x 142.26576pt.

<figure/svg/opacity_3.PNG, id=977, 500.62032pt x 435.87843pt>
File: figure/svg/opacity_3.PNG Graphic file (type png)

<use figure/svg/opacity_3.PNG>
Package pdftex.def Info: figure/svg/opacity_3.PNG used on input line 1117.
(pdftex.def)             Requested size: 142.26578pt x 142.26404pt.
 [49 <./figure/svg/opacity_2.PNG> <./figure/svg/opacity_3.PNG>]
File: figure/svg/origin_1.PNG Graphic file (type png)
 <use figure/svg/origin_1.PNG>
Package pdftex.def Info: figure/svg/origin_1.PNG used on input line 1128.
(pdftex.def)             Requested size: 142.26218pt x 142.26244pt.

<figure/svg/Shade_2_2.PNG, id=999, 482.55281pt x 406.51875pt>
File: figure/svg/Shade_2_2.PNG Graphic file (type png)

<use figure/svg/Shade_2_2.PNG>
Package pdftex.def Info: figure/svg/Shade_2_2.PNG used on input line 1129.
(pdftex.def)             Requested size: 142.26347pt x 142.25887pt.

<figure/svg/Shade_3.PNG, id=1000, 499.8675pt x 436.63126pt>
File: figure/svg/Shade_3.PNG Graphic file (type png)

<use figure/svg/Shade_3.PNG>
Package pdftex.def Info: figure/svg/Shade_3.PNG used on input line 1130.
(pdftex.def)             Requested size: 142.2654pt x 142.26324pt.

Underfull \hbox (badness 10000) in paragraph at lines 1137--1138

 []


Underfull \hbox (badness 10000) in paragraph at lines 1139--1140

 []


Underfull \hbox (badness 10000) in paragraph at lines 1141--1142

 []


Underfull \hbox (badness 10000) in paragraph at lines 1143--1144

 []

[50 <./figure/svg/Shade_2_2.PNG> <./figure/svg/Shade_3.PNG>]

! LaTeX Error: Undefined color `darkgray'.

See the LaTeX manual or LaTeX Companion for explanation.
Type  H <return>  for immediate help.
 ...                                              
                                                  
l.1153     str = this.
                      id;
You're in trouble here.  Try typing  <return>  to proceed.
If that doesn't work, type  X <return>  to quit.


! LaTeX Error: Undefined color `darkgray'.

See the LaTeX manual or LaTeX Companion for explanation.
Type  H <return>  for immediate help.
 ...                                              
                                                  
l.1156     this.
                setAttribute('fill', "rgb(255,100,100)");
You're in trouble here.  Try typing  <return>  to proceed.
If that doesn't work, type  X <return>  to quit.


! LaTeX Error: Undefined color `darkgray'.

See the LaTeX manual or LaTeX Companion for explanation.
Type  H <return>  for immediate help.
 ...                                              
                                                  
l.1162     str = this.
                      id;
You're in trouble here.  Try typing  <return>  to proceed.
If that doesn't work, type  X <return>  to quit.


! LaTeX Error: Undefined color `darkgray'.

See the LaTeX manual or LaTeX Companion for explanation.
Type  H <return>  for immediate help.
 ...                                              
                                                  
l.1167     opacity = this.
                          getAttribute('fill-opacity');
You're in trouble here.  Try typing  <return>  to proceed.
If that doesn't work, type  X <return>  to quit.


! LaTeX Error: Undefined color `darkgray'.

See the LaTeX manual or LaTeX Companion for explanation.
Type  H <return>  for immediate help.
 ...                                              
                                                  
l.1169     this.
                setAttribute("fill",window.new_rgb);
You're in trouble here.  Try typing  <return>  to proceed.
If that doesn't work, type  X <return>  to quit.

<figure/svg/hlight_1.PNG, id=1009, 502.12593pt x 435.12563pt>
File: figure/svg/hlight_1.PNG Graphic file (type png)

<use figure/svg/hlight_1.PNG>
Package pdftex.def Info: figure/svg/hlight_1.PNG used on input line 1175.
(pdftex.def)             Requested size: 213.39687pt x 213.39932pt.

<figure/svg/hlight_2.PNG, id=1010, 499.8675pt x 436.63126pt>
File: figure/svg/hlight_2.PNG Graphic file (type png)

<use figure/svg/hlight_2.PNG>
Package pdftex.def Info: figure/svg/hlight_2.PNG used on input line 1176.
(pdftex.def)             Requested size: 213.3981pt x 213.39154pt.
 [51 <./figure/svg/hlight_1.PNG> <./figure/svg/hlight_2.PNG>]
Chapter 7.

Underfull \hbox (badness 10000) in paragraph at lines 1185--1186

 []


Underfull \hbox (badness 10000) in paragraph at lines 1189--1190

 []


Underfull \hbox (badness 10000) in paragraph at lines 1191--1192

 []


Underfull \hbox (badness 10000) in paragraph at lines 1193--1194

 []

[52

]
Overfull \hbox (54.04431pt too wide) in paragraph at lines 1198--1199
\T1/aer/m/n/10.95 The up-dated \T1/aer/bx/n/10.95 grid-Graph-ics \T1/aer/m/n/10
.95 pack-age which sup-ported the con-ver-sion of \T1/aett/m/n/10.95 persp() \T
1/aer/m/n/10.95 and \T1/aett/m/n/10.95 filled.contour()
 []


Underfull \hbox (badness 10000) in paragraph at lines 1198--1199

 []

! Undefined control sequence.
l.1200     \herf
                {https://github.com/yeamin1/MasterProject/tree/master/report...
The control sequence at the end of the top line
of your error message was never \def'ed. If you have
misspelled it (e.g., `\hobx'), type `I' and the correct
spelling (e.g., `I\hbox'). Otherwise just continue,
and I'll forget about whatever was undefined.

! Undefined control sequence.
<recently read> \herf 
                      
l.1201     \herf
                {https://github.com/yeamin1/gridgraphics} \\
The control sequence at the end of the top line
of your error message was never \def'ed. If you have
misspelled it (e.g., `\hobx'), type `I' and the correct
spelling (e.g., `I\hbox'). Otherwise just continue,
and I'll forget about whatever was undefined.

! Undefined control sequence.
<recently read> \herf 
                      
l.1202     \herf
                {https://github.com/pmur002/gridgraphics}\\
The control sequence at the end of the top line
of your error message was never \def'ed. If you have
misspelled it (e.g., `\hobx'), type `I' and the correct
spelling (e.g., `I\hbox'). Otherwise just continue,
and I'll forget about whatever was undefined.

(master_dissertation.bbl [53]) (Appendix/Appendix.tex
Package color Info: Redefining color darkred on input line 5.
Package color Info: Redefining color codegreen on input line 6.
Package color Info: Redefining color purple on input line 7.


! LaTeX Error: Can be used only in preamble.

See the LaTeX manual or LaTeX Companion for explanation.
Type  H <return>  for immediate help.
 ...                                              
                                                  
l.12 \begin{document}
                     
Your command was ignored.
Type  I <command> <return>  to replace it with another command,
or  <return>  to continue without it.

[54

]
Chapter 8.
[55

]
Underfull \vbox (badness 10000) has occurred while \output is active []

 [56]
Underfull \vbox (badness 10000) has occurred while \output is active []

 [57]
Underfull \vbox (badness 10000) has occurred while \output is active []

 [58]
Underfull \vbox (badness 10000) has occurred while \output is active []

 [59]
Underfull \vbox (badness 10000) has occurred while \output is active []

 [60]
Underfull \vbox (badness 10000) has occurred while \output is active []

 [61]
Underfull \vbox (badness 10000) has occurred while \output is active []

 [62]
Underfull \vbox (badness 10000) has occurred while \output is active []

 [63]
Underfull \vbox (badness 10000) has occurred while \output is active []

 [64]
Underfull \vbox (badness 10000) has occurred while \output is active []

 [65]
Underfull \vbox (badness 10000) has occurred while \output is active []

 [66]
Underfull \vbox (badness 10000) has occurred while \output is active []

 [67]
Underfull \vbox (badness 10000) has occurred while \output is active []

 [68]
Underfull \vbox (badness 10000) has occurred while \output is active []

 [69]
Underfull \vbox (badness 10000) has occurred while \output is active []

 [70]
Underfull \vbox (badness 10000) has occurred while \output is active []

 [71]
Underfull \vbox (badness 10000) has occurred while \output is active []

 [72]
[73]
Underfull \vbox (badness 2401) has occurred while \output is active []

 [74]
Underfull \vbox (badness 10000) has occurred while \output is active []

 [75]
Underfull \vbox (badness 10000) has occurred while \output is active []

 [76]
Underfull \vbox (badness 10000) has occurred while \output is active []

 [77]
Underfull \vbox (badness 10000) has occurred while \output is active []

 [78]
Underfull \vbox (badness 10000) has occurred while \output is active []

 [79]
Underfull \vbox (badness 10000) has occurred while \output is active []

 [80]
Package atveryend Info: Empty hook `BeforeClearDocument' on input line 1245.

[81]
Package atveryend Info: Empty hook `AfterLastShipout' on input line 1245.
 (master_dissertation.aux)
Package atveryend Info: Executing hook `AtVeryEndDocument' on input line 1245.
Package atveryend Info: Executing hook `AtEndAfterFileList' on input line 1245.

Package rerunfilecheck Info: File `master_dissertation.out' has not changed.
(rerunfilecheck)             Checksum: F1BE6738A8FCE0C1FB5346DDB3496CCE;2302.


LaTeX Font Warning: Some font shapes were not available, defaults substituted.

Package atveryend Info: Empty hook `AtVeryVeryEnd' on input line 1245.
 ) )
(\end occurred inside a group at level 1)

### semi simple group (level 1) entered at line 12 (\begingroup)
### bottom level 
Here is how much of TeX's memory you used:
 13345 strings out of 493335
 195572 string characters out of 3147021
 585793 words of memory out of 3000000
 14976 multiletter control sequences out of 15000+200000
 50186 words of font info for 103 fonts, out of 3000000 for 9000
 1141 hyphenation exceptions out of 8191
 35i,7n,51p,1319b,1854s stack positions out of 5000i,500n,10000p,200000b,50000s
 <C:\Users\yeamin\AppData\Local\MiKTeX\2.9\fonts\pk\ljfour\jkna
ppen\ec\dpi600\tcrm1095.pk> <C:\Users\yeamin\AppData\Local\MiKTeX\2.9\fonts\pk\
ljfour\jknappen\ec\dpi600\tcst1095.pk><C:/Program Files (x86)/MiKTeX 2.9/fonts/
type1/public/amsfonts/cm/cmbx10.pfb><C:/Program Files (x86)/MiKTeX 2.9/fonts/ty
pe1/public/amsfonts/cm/cmbx12.pfb><C:/Program Files (x86)/MiKTeX 2.9/fonts/type
1/public/amsfonts/cm/cmex10.pfb><C:/Program Files (x86)/MiKTeX 2.9/fonts/type1/
public/amsfonts/cm/cmmi10.pfb><C:/Program Files (x86)/MiKTeX 2.9/fonts/type1/pu
blic/amsfonts/cm/cmmi8.pfb><C:/Program Files (x86)/MiKTeX 2.9/fonts/type1/publi
c/amsfonts/cm/cmr10.pfb><C:/Program Files (x86)/MiKTeX 2.9/fonts/type1/public/a
msfonts/cm/cmr12.pfb><C:/Program Files (x86)/MiKTeX 2.9/fonts/type1/public/amsf
onts/cm/cmr17.pfb><C:/Program Files (x86)/MiKTeX 2.9/fonts/type1/public/amsfont
s/cm/cmr8.pfb><C:/Program Files (x86)/MiKTeX 2.9/fonts/type1/public/amsfonts/cm
/cmsltt10.pfb><C:/Program Files (x86)/MiKTeX 2.9/fonts/type1/public/amsfonts/cm
/cmsy10.pfb><C:/Program Files (x86)/MiKTeX 2.9/fonts/type1/public/amsfonts/cm/c
mtt10.pfb><C:/Program Files (x86)/MiKTeX 2.9/fonts/type1/public/amsfonts/cm/cmt
t12.pfb><C:/Program Files (x86)/MiKTeX 2.9/fonts/type1/public/amsfonts/cm/cmtt9
.pfb>
Output written on master_dissertation.pdf (81 pages, 8103816 bytes).
PDF statistics:
 2779 PDF objects out of 2984 (max. 8388607)
 1616 named destinations out of 1728 (max. 500000)
 537 words of extra memory for PDF output out of 10000 (max. 10000000)

