This is pdfTeX, Version 3.14159265-2.6-1.40.17 (MiKTeX 2.9) (preloaded format=pdflatex 2016.7.22)  22 NOV 2016 14:09
entering extended mode
**./PreReport.tex
(PreReport.tex
LaTeX2e <2016/03/31> patch level 1
Babel <3.9r> and hyphenation patterns for 75 language(s) loaded.
("C:\Program Files (x86)\MiKTeX 2.9\tex\latex\base\article.cls"
Document Class: article 2014/09/29 v1.4h Standard LaTeX document class
("C:\Program Files (x86)\MiKTeX 2.9\tex\latex\base\size10.clo"
File: size10.clo 2014/09/29 v1.4h Standard LaTeX file (size option)
)
\c@part=\count79
\c@section=\count80
\c@subsection=\count81
\c@subsubsection=\count82
\c@paragraph=\count83
\c@subparagraph=\count84
\c@figure=\count85
\c@table=\count86
\abovecaptionskip=\skip41
\belowcaptionskip=\skip42
\bibindent=\dimen102
)
("C:\Program Files (x86)\MiKTeX 2.9\tex\latex\graphics\graphicx.sty"
Package: graphicx 2014/10/28 v1.0g Enhanced LaTeX Graphics (DPC,SPQR)

("C:\Program Files (x86)\MiKTeX 2.9\tex\latex\graphics\keyval.sty"
Package: keyval 2014/10/28 v1.15 key=value parser (DPC)
\KV@toks@=\toks14
)
("C:\Program Files (x86)\MiKTeX 2.9\tex\latex\graphics\graphics.sty"
Package: graphics 2016/07/10 v1.0t Standard LaTeX Graphics (DPC,SPQR)

("C:\Program Files (x86)\MiKTeX 2.9\tex\latex\graphics\trig.sty"
Package: trig 2016/01/03 v1.10 sin cos tan (DPC)
)
("C:\Program Files (x86)\MiKTeX 2.9\tex\latex\00miktex\graphics.cfg"
File: graphics.cfg 2016/06/04 v1.11 sample graphics configuration
)
Package graphics Info: Driver file: pdftex.def on input line 99.

("C:\Program Files (x86)\MiKTeX 2.9\tex\latex\graphics-def\pdftex.def"
File: pdftex.def 2016/07/10 v0.06j Graphics/color for pdfTeX

("C:\Program Files (x86)\MiKTeX 2.9\tex\generic\oberdiek\infwarerr.sty"
Package: infwarerr 2016/05/16 v1.4 Providing info/warning/error messages (HO)
)
("C:\Program Files (x86)\MiKTeX 2.9\tex\generic\oberdiek\ltxcmds.sty"
Package: ltxcmds 2016/05/16 v1.23 LaTeX kernel commands for general use (HO)
)
\Gread@gobject=\count87
))
\Gin@req@height=\dimen103
\Gin@req@width=\dimen104
)
("C:\Program Files (x86)\MiKTeX 2.9\tex\latex\graphics\color.sty"
Package: color 2016/07/10 v1.1e Standard LaTeX Color (DPC)

("C:\Program Files (x86)\MiKTeX 2.9\tex\latex\00miktex\color.cfg"
File: color.cfg 2016/01/02 v1.6 sample color configuration
)
Package color Info: Driver file: pdftex.def on input line 147.
)
("C:\Program Files (x86)\MiKTeX 2.9\tex\latex\framed\framed.sty"
Package: framed 2011/10/22 v 0.96: framed or shaded text with page breaks
\OuterFrameSep=\skip43
\fb@frw=\dimen105
\fb@frh=\dimen106
\FrameRule=\dimen107
\FrameSep=\dimen108
)
("C:\Program Files (x86)\MiKTeX 2.9\tex\latex\base\alltt.sty"
Package: alltt 1997/06/16 v2.0g defines alltt environment
)
("C:\Program Files (x86)\MiKTeX 2.9\tex\latex\upquote\upquote.sty"
Package: upquote 2012/04/19 v1.3 upright-quote and grave-accent glyphs in verba
tim
)
(PreReport.aux)
\openout1 = `PreReport.aux'.

LaTeX Font Info:    Checking defaults for OML/cmm/m/it on input line 53.
LaTeX Font Info:    ... okay on input line 53.
LaTeX Font Info:    Checking defaults for T1/cmr/m/n on input line 53.
LaTeX Font Info:    ... okay on input line 53.
LaTeX Font Info:    Checking defaults for OT1/cmr/m/n on input line 53.
LaTeX Font Info:    ... okay on input line 53.
LaTeX Font Info:    Checking defaults for OMS/cmsy/m/n on input line 53.
LaTeX Font Info:    ... okay on input line 53.
LaTeX Font Info:    Checking defaults for OMX/cmex/m/n on input line 53.
LaTeX Font Info:    ... okay on input line 53.
LaTeX Font Info:    Checking defaults for U/cmr/m/n on input line 53.
LaTeX Font Info:    ... okay on input line 53.

("C:\Program Files (x86)\MiKTeX 2.9\tex\context\base\supp-pdf.mkii"
[Loading MPS to PDF converter (version 2006.09.02).]
\scratchcounter=\count88
\scratchdimen=\dimen109
\scratchbox=\box26
\nofMPsegments=\count89
\nofMParguments=\count90
\everyMPshowfont=\toks15
\MPscratchCnt=\count91
\MPscratchDim=\dimen110
\MPnumerator=\count92
\makeMPintoPDFobject=\count93
\everyMPtoPDFconversion=\toks16
) ("C:\Program Files (x86)\MiKTeX 2.9\tex\generic\oberdiek\pdftexcmds.sty"
Package: pdftexcmds 2016/05/21 v0.22 Utility functions of pdfTeX for LuaTeX (HO
)

("C:\Program Files (x86)\MiKTeX 2.9\tex\generic\oberdiek\ifluatex.sty"
Package: ifluatex 2016/05/16 v1.4 Provides the ifluatex switch (HO)
Package ifluatex Info: LuaTeX not detected.
)
("C:\Program Files (x86)\MiKTeX 2.9\tex\generic\oberdiek\ifpdf.sty"
Package: ifpdf 2016/05/14 v3.1 Provides the ifpdf switch
)
Package pdftexcmds Info: LuaTeX not detected.
Package pdftexcmds Info: \pdf@primitive is available.
Package pdftexcmds Info: \pdf@ifprimitive is available.
Package pdftexcmds Info: \pdfdraftmode found.
)
("C:\Program Files (x86)\MiKTeX 2.9\tex\latex\oberdiek\epstopdf-base.sty"
Package: epstopdf-base 2016/05/15 v2.6 Base part for package epstopdf

("C:\Program Files (x86)\MiKTeX 2.9\tex\latex\oberdiek\grfext.sty"
Package: grfext 2016/05/16 v1.2 Manage graphics extensions (HO)

("C:\Program Files (x86)\MiKTeX 2.9\tex\generic\oberdiek\kvdefinekeys.sty"
Package: kvdefinekeys 2016/05/16 v1.4 Define keys (HO)
))
("C:\Program Files (x86)\MiKTeX 2.9\tex\latex\oberdiek\kvoptions.sty"
Package: kvoptions 2016/05/16 v3.12 Key value format for package options (HO)

("C:\Program Files (x86)\MiKTeX 2.9\tex\generic\oberdiek\kvsetkeys.sty"
Package: kvsetkeys 2016/05/16 v1.17 Key value parser (HO)

("C:\Program Files (x86)\MiKTeX 2.9\tex\generic\oberdiek\etexcmds.sty"
Package: etexcmds 2016/05/16 v1.6 Avoid name clashes with e-TeX commands (HO)
Package etexcmds Info: Could not find \expanded.
(etexcmds)             That can mean that you are not using pdfTeX 1.50 or
(etexcmds)             that some package has redefined \expanded.
(etexcmds)             In the latter case, load this package earlier.
)))
Package epstopdf-base Info: Redefining graphics rule for `.eps' on input line 4
38.
Package grfext Info: Graphics extension search list:
(grfext)             [.png,.pdf,.jpg,.mps,.jpeg,.jbig2,.jb2,.PNG,.PDF,.JPG,.JPE
G,.JBIG2,.JB2,.eps]
(grfext)             \AppendGraphicsExtensions on input line 456.
)
Underfull \hbox (badness 10000) in paragraph at lines 58--60

 []

LaTeX Font Info:    Font shape `OT1/cmtt/bx/n' in size <12> not available
(Font)              Font shape `OT1/cmtt/m/n' tried instead on input line 61.
Package color Info: Redefining color shadecolor on input line 67.
LaTeX Font Info:    Font shape `OT1/cmtt/bx/n' in size <10> not available
(Font)              Font shape `OT1/cmtt/m/n' tried instead on input line 69.
<figure/basic.pdf, id=1, 505.89pt x 505.89pt>
File: figure/basic.pdf Graphic file (type pdf)
 <use figure/basic.pdf>
Package pdftex.def Info: figure/basic.pdf used on input line 79.
(pdftex.def)             Requested size: 142.26576pt x 99.57831pt.

<figure/echo.pdf, id=2, 505.89pt x 505.89pt>
File: figure/echo.pdf Graphic file (type pdf)
 <use figure/echo.pdf>
Package pdftex.def Info: figure/echo.pdf used on input line 80.
(pdftex.def)             Requested size: 142.26576pt x 99.57831pt.
Package color Info: Redefining color shadecolor on input line 87.
 [1

{C:/ProgramData/MiKTeX/2.9/pdftex/config/pdftex.map} <./figure/basic.pdf> <./fi
gure/echo.pdf>]
Package color Info: Redefining color shadecolor on input line 107.


pdfTeX warning: pdflatex.exe (file ./figure/gridedit.pdf): PDF inclusion: found
 PDF version <1.7>, but at most version <1.5> allowed
<figure/gridedit.pdf, id=23, 505.89pt x 505.89pt>
File: figure/gridedit.pdf Graphic file (type pdf)
 <use figure/gridedit.pdf>
Package pdftex.def Info: figure/gridedit.pdf used on input line 117.
(pdftex.def)             Requested size: 170.71892pt x 142.26576pt.

[2 <./figure/gridedit.pdf>]
Package color Info: Redefining color shadecolor on input line 131.
LaTeX Font Info:    Try loading font information for OMS+cmtt on input line 135
.
LaTeX Font Info:    No file OMScmtt.fd. on input line 135.


LaTeX Font Warning: Font shape `OMS/cmtt/m/n' undefined
(Font)              using `OMS/cmsy/m/n' instead
(Font)              for symbol `textbraceleft' on input line 135.


Overfull \hbox (48.24669pt too wide) in paragraph at lines 135--135
[][]\OT1/cmtt/m/n/10 filled.contour[][]([][]cos[][](r[][]^[][]2[][])[][]*[][]ex
p[][]([][]-[][]r[][]/[][]([][]2[][]*[][]pi)),[] []frame.plot[] []=[] []FALSE[][
],[] []plot.axes[] []= \OMS/cmtt/m/n/10 fg\OT1/cmtt/m/n/10 )[][] 
 []

<figure/filled-contour.pdf, id=33, 505.89pt x 505.89pt>
File: figure/filled-contour.pdf Graphic file (type pdf)

<use figure/filled-contour.pdf>
Package pdftex.def Info: figure/filled-contour.pdf used on input line 142.
(pdftex.def)             Requested size: 170.71892pt x 142.26576pt.

<figure/filled-contour-gridecho.pdf, id=34, 505.89pt x 505.89pt>
File: figure/filled-contour-gridecho.pdf Graphic file (type pdf)

<use figure/filled-contour-gridecho.pdf>
Package pdftex.def Info: figure/filled-contour-gridecho.pdf used on input line 
143.
(pdftex.def)             Requested size: 170.71892pt x 142.26576pt.
Package color Info: Redefining color shadecolor on input line 165.
 [3 <./figure/filled-contour.pdf> <./figure/filled-contour-gridecho.pdf>]
<figure/R8-1.pdf, id=49, 505.89pt x 505.89pt>
File: figure/R8-1.pdf Graphic file (type pdf)
 <use figure/R8-1.pdf>
Package pdftex.def Info: figure/R8-1.pdf used on input line 171.
(pdftex.def)             Requested size: 345.0pt x 345.00414pt.

Overfull \hbox (15.0pt too wide) in paragraph at lines 171--172
[][] 
 []


Overfull \hbox (53.99652pt too wide) in paragraph at lines 193--193
[]\OT1/cmtt/m/n/10 ##  [1]  4  4  7  7  8  9 10 10 10 11 11 12 12 12 12 13 13 1
3 13 14 14 14 14[] 
 []


Overfull \hbox (53.99652pt too wide) in paragraph at lines 193--193
[]\OT1/cmtt/m/n/10 ## [24] 15 15 15 16 16 17 17 17 18 18 18 18 19 19 19 20 20 2
0 20 20 22 23 24[] 
 []


Overfull \hbox (48.74657pt too wide) in paragraph at lines 193--193
[]\OT1/cmtt/m/n/10 ##  [1]   2  10   4  22  16  10  18  26  34  17  28  14  20 
 24  28  26  34[] 
 []


Overfull \hbox (48.74657pt too wide) in paragraph at lines 193--193
[]\OT1/cmtt/m/n/10 ## [18]  34  46  26  36  60  80  20  26  54  32  40  32  40 
 50  42  56  76[] 
 []


Overfull \hbox (27.74675pt too wide) in paragraph at lines 193--193
[]\OT1/cmtt/m/n/10 ## [35]  84  36  46  68  32  48  52  56  64  66  54  70  92 
 93 120  85[] 
 []

[4 <./figure/R8-1.pdf>]
Underfull \hbox (badness 10000) in paragraph at lines 200--203

 []

[5] (PreReport.aux)

LaTeX Font Warning: Some font shapes were not available, defaults substituted.

 ) 
Here is how much of TeX's memory you used:
 1658 strings out of 493335
 24128 string characters out of 3147021
 85504 words of memory out of 3000000
 5178 multiletter control sequences out of 15000+200000
 5355 words of font info for 21 fonts, out of 3000000 for 9000
 1141 hyphenation exceptions out of 8191
 40i,6n,25p,537b,276s stack positions out of 5000i,500n,10000p,200000b,50000s
<C:/Program Files (x86)/MiKTeX 2.9/fonts/type1/public/amsfonts/cm/cmbx12.pfb>
<C:/Program Files (x86)/MiKTeX 2.9/fonts/type1/public/amsfonts/cm/cmitt10.pfb><
C:/Program Files (x86)/MiKTeX 2.9/fonts/type1/public/amsfonts/cm/cmr10.pfb><C:/
Program Files (x86)/MiKTeX 2.9/fonts/type1/public/amsfonts/cm/cmsy10.pfb><C:/Pr
ogram Files (x86)/MiKTeX 2.9/fonts/type1/public/amsfonts/cm/cmtt10.pfb><C:/Prog
ram Files (x86)/MiKTeX 2.9/fonts/type1/public/amsfonts/cm/cmtt12.pfb>
Output written on PreReport.pdf (5 pages, 154570 bytes).
PDF statistics:
 82 PDF objects out of 1000 (max. 8388607)
 0 named destinations out of 1000 (max. 500000)
 31 words of extra memory for PDF output out of 10000 (max. 10000000)

